<?xml version="1.0" encoding="UTF-8"?>
<testsuite name="FeedbackServiceTests" tests="1" skipped="0" failures="1" errors="0" timestamp="2024-02-03T05:05:37" hostname="WIN-PK97IO7J39D" time="44.312">
  <properties/>
  <testcase name="start" classname="FeedbackServiceTests" time="44.312">
    <failure message="java.lang.AssertionError: Wrong answer in test #2&#10;&#10;Request: GET /feedback/65bdc9cd7abbc15b50df5365&#10;Request body: &#10;Expected response status code 200 but received 404" type="java.lang.AssertionError">java.lang.AssertionError: Wrong answer in test #2

Request: GET /feedback/65bdc9cd7abbc15b50df5365
Request body: 
Expected response status code 200 but received 404
	at org.junit.Assert.fail(Assert.java:89)
	at org.hyperskill.hstest.stage.StageTest.start(StageTest.java:203)
	at java.base/jdk.internal.reflect.NativeMethodAccessorImpl.invoke0(Native Method)
	at java.base/jdk.internal.reflect.NativeMethodAccessorImpl.invoke(NativeMethodAccessorImpl.java:77)
	at java.base/jdk.internal.reflect.DelegatingMethodAccessorImpl.invoke(DelegatingMethodAccessorImpl.java:43)
	at java.base/java.lang.reflect.Method.invoke(Method.java:568)
	at org.junit.runners.model.FrameworkMethod$1.runReflectiveCall(FrameworkMethod.java:59)
	at org.junit.internal.runners.model.ReflectiveCallable.run(ReflectiveCallable.java:12)
	at org.junit.runners.model.FrameworkMethod.invokeExplosively(FrameworkMethod.java:56)
	at org.junit.internal.runners.statements.InvokeMethod.evaluate(InvokeMethod.java:17)
	at org.junit.internal.runners.statements.RunAfters.evaluate(RunAfters.java:27)
	at org.junit.runners.ParentRunner$3.evaluate(ParentRunner.java:306)
	at org.junit.runners.BlockJUnit4ClassRunner$1.evaluate(BlockJUnit4ClassRunner.java:100)
	at org.junit.runners.ParentRunner.runLeaf(ParentRunner.java:366)
	at org.junit.runners.BlockJUnit4ClassRunner.runChild(BlockJUnit4ClassRunner.java:103)
	at org.junit.runners.BlockJUnit4ClassRunner.runChild(BlockJUnit4ClassRunner.java:63)
	at org.junit.runners.ParentRunner$4.run(ParentRunner.java:331)
	at org.junit.runners.ParentRunner$1.schedule(ParentRunner.java:79)
	at org.junit.runners.ParentRunner.runChildren(ParentRunner.java:329)
	at org.junit.runners.ParentRunner.access$100(ParentRunner.java:66)
	at org.junit.runners.ParentRunner$2.evaluate(ParentRunner.java:293)
	at org.junit.runners.ParentRunner$3.evaluate(ParentRunner.java:306)
	at org.junit.runners.ParentRunner.run(ParentRunner.java:413)
	at org.gradle.api.internal.tasks.testing.junit.JUnitTestClassExecutor.runTestClass(JUnitTestClassExecutor.java:108)
	at org.gradle.api.internal.tasks.testing.junit.JUnitTestClassExecutor.execute(JUnitTestClassExecutor.java:57)
	at org.gradle.api.internal.tasks.testing.junit.JUnitTestClassExecutor.execute(JUnitTestClassExecutor.java:39)
	at org.gradle.api.internal.tasks.testing.junit.AbstractJUnitTestClassProcessor.processTestClass(AbstractJUnitTestClassProcessor.java:62)
	at org.gradle.api.internal.tasks.testing.SuiteTestClassProcessor.processTestClass(SuiteTestClassProcessor.java:52)
	at java.base/jdk.internal.reflect.NativeMethodAccessorImpl.invoke0(Native Method)
	at java.base/jdk.internal.reflect.NativeMethodAccessorImpl.invoke(NativeMethodAccessorImpl.java:77)
	at java.base/jdk.internal.reflect.DelegatingMethodAccessorImpl.invoke(DelegatingMethodAccessorImpl.java:43)
	at java.base/java.lang.reflect.Method.invoke(Method.java:568)
	at org.gradle.internal.dispatch.ReflectionDispatch.dispatch(ReflectionDispatch.java:36)
	at org.gradle.internal.dispatch.ReflectionDispatch.dispatch(ReflectionDispatch.java:24)
	at org.gradle.internal.dispatch.ContextClassLoaderDispatch.dispatch(ContextClassLoaderDispatch.java:33)
	at org.gradle.internal.dispatch.ProxyDispatchAdapter$DispatchingInvocationHandler.invoke(ProxyDispatchAdapter.java:94)
	at jdk.proxy1/jdk.proxy1.$Proxy2.processTestClass(Unknown Source)
	at org.gradle.api.internal.tasks.testing.worker.TestWorker$2.run(TestWorker.java:176)
	at org.gradle.api.internal.tasks.testing.worker.TestWorker.executeAndMaintainThreadName(TestWorker.java:129)
	at org.gradle.api.internal.tasks.testing.worker.TestWorker.execute(TestWorker.java:100)
	at org.gradle.api.internal.tasks.testing.worker.TestWorker.execute(TestWorker.java:60)
	at org.gradle.process.internal.worker.child.ActionExecutionWorker.execute(ActionExecutionWorker.java:56)
	at org.gradle.process.internal.worker.child.SystemApplicationClassLoaderWorker.call(SystemApplicationClassLoaderWorker.java:113)
	at org.gradle.process.internal.worker.child.SystemApplicationClassLoaderWorker.call(SystemApplicationClassLoaderWorker.java:65)
	at worker.org.gradle.process.internal.worker.GradleWorkerMain.run(GradleWorkerMain.java:69)
	at worker.org.gradle.process.internal.worker.GradleWorkerMain.main(GradleWorkerMain.java:74)
</failure>
  </testcase>
  <system-out><![CDATA[?[1;31m
Start test 1?[0m
?[0;34m
?[0m?[0;34m  .   ____          _            __ _ _
?[0m?[0;34m /\\ / ___'_ __ _ _(_)_ __  __ _ \ \ \ \
?[0m?[0;34m( ( )\___ | '_ | '_| | '_ \/ _` | \ \ \ \
?[0m?[0;34m \\/  ___)| |_)| | | | | || (_| |  ) ) ) )
?[0m?[0;34m  '  |____| .__|_| |_|_| |_\__, | / / / /
?[0m?[0;34m =========|_|==============|___/=/_/_/_/
?[0m?[0;34m :: Spring Boot ::                (v3.0.2)
?[0m?[0;34m
?[0m?[0;34m2024-02-03T10:05:38.927+05:00  INFO 17336 --- [    Test worker] feedbackservice.FeedbackApplication      : Starting FeedbackApplication using Java 17.0.9 with PID 17336 (started by User in D:\JetBrainsWork\Customer Feedback Service\Customer Feedback Service\task)
?[0m?[0;34m2024-02-03T10:05:38.934+05:00  INFO 17336 --- [    Test worker] feedbackservice.FeedbackApplication      : No active profile set, falling back to 1 default profile: "default"
?[0m?[0;34m2024-02-03T10:05:40.622+05:00  INFO 17336 --- [    Test worker] .s.d.r.c.RepositoryConfigurationDelegate : Bootstrapping Spring Data MongoDB repositories in DEFAULT mode.
?[0m?[0;34m2024-02-03T10:05:40.733+05:00  INFO 17336 --- [    Test worker] .s.d.r.c.RepositoryConfigurationDelegate : Finished Spring Data repository scanning in 101 ms. Found 1 MongoDB repository interfaces.
?[0m?[0;34m2024-02-03T10:05:41.689+05:00  INFO 17336 --- [    Test worker] o.s.b.w.embedded.tomcat.TomcatWebServer  : Tomcat initialized with port(s): 8080 (http)
?[0m?[0;34m2024-02-03T10:05:41.713+05:00  INFO 17336 --- [    Test worker] o.apache.catalina.core.StandardService   : Starting service [Tomcat]
?[0m?[0;34m2024-02-03T10:05:41.714+05:00  INFO 17336 --- [    Test worker] o.apache.catalina.core.StandardEngine    : Starting Servlet engine: [Apache Tomcat/10.1.5]
?[0m?[0;34m2024-02-03T10:05:41.956+05:00  INFO 17336 --- [    Test worker] o.a.c.c.C.[Tomcat].[localhost].[/]       : Initializing Spring embedded WebApplicationContext
?[0m?[0;34m2024-02-03T10:05:41.961+05:00  INFO 17336 --- [    Test worker] w.s.c.ServletWebServerApplicationContext : Root WebApplicationContext: initialization completed in 2950 ms
?[0m?[0;34m2024-02-03T10:05:42.709+05:00  INFO 17336 --- [    Test worker] org.mongodb.driver.client                : MongoClient with metadata {"driver": {"name": "mongo-java-driver|sync|spring-boot", "version": "4.8.2"}, "os": {"type": "Windows", "name": "Windows 10", "architecture": "amd64", "version": "10.0"}, "platform": "Java/JetBrains s.r.o./17.0.9+7-b1087.9"} created with settings MongoClientSettings{readPreference=primary, writeConcern=WriteConcern{w=null, wTimeout=null ms, journal=null}, retryWrites=true, retryReads=true, readConcern=ReadConcern{level=null}, credential=null, streamFactoryFactory=null, commandListeners=[io.micrometer.core.instrument.binder.mongodb.MongoMetricsCommandListener@582dcd35], codecRegistry=ProvidersCodecRegistry{codecProviders=[ValueCodecProvider{}, BsonValueCodecProvider{}, DBRefCodecProvider{}, DBObjectCodecProvider{}, DocumentCodecProvider{}, CollectionCodecProvider{}, IterableCodecProvider{}, MapCodecProvider{}, GeoJsonCodecProvider{}, GridFSFileCodecProvider{}, Jsr310CodecProvider{}, JsonObjectCodecProvider{}, BsonCodecProvider{}, EnumCodecProvider{}, com.mongodb.Jep395RecordCodecProvider@1e6bd263]}, clusterSettings={hosts=[localhost:27017], srvServiceName=mongodb, mode=SINGLE, requiredClusterType=UNKNOWN, requiredReplicaSetName='null', serverSelector='null', clusterListeners='[]', serverSelectionTimeout='30000 ms', localThreshold='30000 ms'}, socketSettings=SocketSettings{connectTimeoutMS=10000, readTimeoutMS=0, receiveBufferSize=0, sendBufferSize=0}, heartbeatSocketSettings=SocketSettings{connectTimeoutMS=10000, readTimeoutMS=10000, receiveBufferSize=0, sendBufferSize=0}, connectionPoolSettings=ConnectionPoolSettings{maxSize=100, minSize=0, maxWaitTimeMS=120000, maxConnectionLifeTimeMS=0, maxConnectionIdleTimeMS=0, maintenanceInitialDelayMS=0, maintenanceFrequencyMS=60000, connectionPoolListeners=[io.micrometer.core.instrument.binder.mongodb.MongoMetricsConnectionPoolListener@394a6d2b], maxConnecting=2}, serverSettings=ServerSettings{heartbeatFrequencyMS=10000, minHeartbeatFrequencyMS=500, serverListeners='[]', serverMonitorListeners='[]'}, sslSettings=SslSettings{enabled=false, invalidHostNameAllowed=false, context=null}, applicationName='null', compressorList=[], uuidRepresentation=JAVA_LEGACY, serverApi=null, autoEncryptionSettings=null, contextProvider=null}
?[0;34m2024-02-03T10:05:42.736+05:00  INFO 17336 --- [localhost:27017] org.mongodb.driver.cluster               : Monitor thread successfully connected to server with description ServerDescription{address=localhost:27017, type=STANDALONE, state=CONNECTED, ok=true, minWireVersion=0, maxWireVersion=21, maxDocumentSize=16777216, logicalSessionTimeoutMinutes=30, roundTripTimeNanos=38885100}
?[0m?[0;34m2024-02-03T10:05:43.511+05:00  INFO 17336 --- [    Test worker] o.t.utility.ImageNameSubstitutor         : Image name substitution will be performed by: DefaultImageNameSubstitutor (composite of 'ConfigurationFileImageNameSubstitutor' and 'PrefixingImageNameSubstitutor')
?[0m?[0;34m2024-02-03T10:05:43.557+05:00  INFO 17336 --- [    Test worker] o.t.d.DockerClientProviderStrategy       : Loaded org.testcontainers.dockerclient.NpipeSocketClientProviderStrategy from ~/.testcontainers.properties, will try it first
?[0m?[0;34m2024-02-03T10:05:44.376+05:00  INFO 17336 --- [    Test worker] o.t.d.DockerClientProviderStrategy       : Found Docker environment with local Npipe socket (npipe:////./pipe/docker_engine)
?[0m?[0;34m2024-02-03T10:05:44.382+05:00  INFO 17336 --- [    Test worker] org.testcontainers.DockerClientFactory   : Docker host IP address is localhost
?[0m?[0;34m2024-02-03T10:05:44.455+05:00  INFO 17336 --- [    Test worker] org.testcontainers.DockerClientFactory   : Connected to docker: 
?[0m?[0;34m  Server Version: 24.0.7
?[0m?[0;34m  API Version: 1.43
?[0m?[0;34m  Operating System: Docker Desktop
?[0m?[0;34m  Total Memory: 7902 MB
?[0m?[0;34m2024-02-03T10:05:44.506+05:00  INFO 17336 --- [    Test worker] ]]>&#x1f433;<![CDATA[ [testcontainers/ryuk:0.3.4]           : Creating container for image: testcontainers/ryuk:0.3.4
?[0m?[0;34m2024-02-03T10:05:47.392+05:00  INFO 17336 --- [    Test worker] ]]>&#x1f433;<![CDATA[ [testcontainers/ryuk:0.3.4]           : Container testcontainers/ryuk:0.3.4 is starting: e7933e95a3eae3ec8cdfa0ae5075a7e4ecb2cbb6d4617ee598bd8648920886c2
?[0m?[0;34m2024-02-03T10:05:49.639+05:00  INFO 17336 --- [    Test worker] ]]>&#x1f433;<![CDATA[ [testcontainers/ryuk:0.3.4]           : Container testcontainers/ryuk:0.3.4 started in PT5.1677066S
?[0m?[0;34m2024-02-03T10:05:49.649+05:00  INFO 17336 --- [    Test worker] o.t.utility.RyukResourceReaper           : Ryuk started - will monitor and terminate Testcontainers containers on JVM exit
?[0m?[0;34m2024-02-03T10:05:49.649+05:00  INFO 17336 --- [    Test worker] org.testcontainers.DockerClientFactory   : Checking the system...
?[0m?[0;34m2024-02-03T10:05:49.651+05:00  INFO 17336 --- [    Test worker] org.testcontainers.DockerClientFactory   : ✔︎ Docker server version should be at least 1.6.0
?[0m?[0;34m2024-02-03T10:05:49.652+05:00  INFO 17336 --- [    Test worker] ]]>&#x1f433;<![CDATA[ [mongo:5.0.24-focal]                  : Creating container for image: mongo:5.0.24-focal
?[0m?[0;34m2024-02-03T10:05:52.957+05:00  INFO 17336 --- [    Test worker] ]]>&#x1f433;<![CDATA[ [mongo:5.0.24-focal]                  : Container mongo:5.0.24-focal is starting: 4f82ac60f63fcc73a74ffeebcaebcb540d42ab65a18537dec8e5fae5fada522d
?[0m?[0;34m2024-02-03T10:06:02.877+05:00  INFO 17336 --- [    Test worker] ]]>&#x1f433;<![CDATA[ [mongo:5.0.24-focal]                  : Container mongo:5.0.24-focal started in PT13.2252205S
?[0m?[0;34m2024-02-03T10:06:20.419+05:00  INFO 17336 --- [    Test worker] o.s.b.a.e.web.EndpointLinksResolver      : Exposing 1 endpoint(s) beneath base path '/actuator'
?[0m?[0;34m2024-02-03T10:06:20.523+05:00  INFO 17336 --- [    Test worker] o.s.b.w.embedded.tomcat.TomcatWebServer  : Tomcat started on port(s): 8080 (http) with context path ''
?[0m?[0;34m2024-02-03T10:06:20.552+05:00  INFO 17336 --- [    Test worker] feedbackservice.FeedbackApplication      : Started FeedbackApplication in 42.429 seconds (process running for 44.064)
?[0;34m2024-02-03T10:06:21.117+05:00  INFO 17336 --- [nio-8080-exec-1] o.a.c.c.C.[Tomcat].[localhost].[/]       : Initializing Spring DispatcherServlet 'dispatcherServlet'
?[0m?[0;34m2024-02-03T10:06:21.118+05:00  INFO 17336 --- [nio-8080-exec-1] o.s.web.servlet.DispatcherServlet        : Initializing Servlet 'dispatcherServlet'
?[0m?[0;34m2024-02-03T10:06:21.121+05:00  INFO 17336 --- [nio-8080-exec-1] o.s.web.servlet.DispatcherServlet        : Completed initialization in 2 ms
?[0m?[1;31m
Start test 2?[0m
]]></system-out>
  <system-err><![CDATA[]]></system-err>
</testsuite>
